SF:lib/src/legacy_token_reader.dart
DA:9,1
DA:21,1
DA:22,1
DA:24,2
DA:39,1
DA:51,1
DA:53,2
DA:56,1
DA:57,1
DA:63,3
DA:65,1
DA:67,1
DA:72,1
DA:73,1
LF:14
LH:14
end_of_record
SF:lib/src/oauth2_token_codec.dart
DA:8,1
DA:10,1
DA:12,1
DA:13,2
DA:14,3
DA:15,3
DA:16,3
DA:17,3
DA:18,4
DA:22,1
DA:24,1
DA:25,1
DA:27,1
DA:28,1
DA:29,1
DA:30,1
DA:31,1
DA:36,1
DA:37,1
DA:38,1
DA:39,2
DA:42,1
DA:43,1
DA:45,1
DA:46,2
DA:49,1
DA:50,1
DA:52,1
DA:53,2
DA:56,1
DA:57,1
DA:59,1
DA:60,2
DA:63,1
DA:65,2
LF:35
LH:35
end_of_record
SF:lib/src/secure_token_storage.dart
DA:20,1
DA:28,2
DA:31,1
DA:33,1
DA:34,1
DA:54,1
DA:56,3
DA:57,1
DA:60,1
DA:61,1
DA:62,1
DA:63,1
DA:65,3
DA:66,1
DA:67,1
DA:71,1
DA:74,3
DA:75,1
DA:77,2
DA:83,1
DA:85,2
DA:86,1
DA:87,1
DA:90,2
DA:91,1
DA:92,1
DA:96,1
DA:98,3
DA:101,1
DA:102,2
DA:104,1
DA:107,2
DA:108,1
DA:109,1
DA:111,1
DA:113,2
DA:120,1
DA:121,1
DA:122,1
DA:128,1
DA:129,1
DA:130,1
DA:136,1
DA:137,1
DA:143,1
DA:145,1
DA:149,1
DA:153,1
DA:156,2
DA:157,2
DA:159,1
DA:167,2
DA:168,1
DA:170,1
DA:171,1
DA:174,1
DA:175,1
DA:179,1
DA:185,1
DA:186,2
DA:187,2
DA:194,1
DA:196,2
DA:197,2
DA:198,1
DA:199,1
DA:204,3
DA:205,1
DA:206,1
DA:211,2
DA:213,1
DA:214,1
DA:226,1
DA:233,1
DA:239,1
DA:249,1
DA:258,1
DA:259,1
LF:78
LH:78
end_of_record
